ERROR main net.airvantage.MessagesProcessor - com.google.api.client.googleapis.json.GoogleJsonResponseException: 403 Forbidden
{
  "code" : 403,
  "errors" : [ {
    "domain" : "global",
    "message" : "User not authorized to perform this action.",
    "reason" : "forbidden"
  } ],
  "message" : "User not authorized to perform this action.",
  "status" : "PERMISSION_DENIED"
}
ERROR main net.airvantage.MessagesProcessor - com.google.api.client.googleapis.json.GoogleJsonResponseException: 403 Forbidden
{
  "code" : 403,
  "errors" : [ {
    "domain" : "global",
    "message" : "User not authorized to perform this action.",
    "reason" : "forbidden"
  } ],
  "message" : "User not authorized to perform this action.",
  "status" : "PERMISSION_DENIED"
}
ERROR main net.airvantage.MessagesProcessor - com.google.api.client.googleapis.json.GoogleJsonResponseException: 403 Forbidden
{
  "code" : 403,
  "errors" : [ {
    "domain" : "global",
    "message" : "User not authorized to perform this action.",
    "reason" : "forbidden"
  } ],
  "message" : "User not authorized to perform this action.",
  "status" : "PERMISSION_DENIED"
}
ERROR main net.airvantage.MessagesProcessor - com.google.api.client.googleapis.json.GoogleJsonResponseException: 403 Forbidden
{
  "code" : 403,
  "errors" : [ {
    "domain" : "global",
    "message" : "User not authorized to perform this action.",
    "reason" : "forbidden"
  } ],
  "message" : "User not authorized to perform this action.",
  "status" : "PERMISSION_DENIED"
}
ERROR main net.airvantage.MessagesProcessor - com.google.api.client.googleapis.json.GoogleJsonResponseException: 403 Forbidden
{
  "code" : 403,
  "errors" : [ {
    "domain" : "global",
    "message" : "User not authorized to perform this action.",
    "reason" : "forbidden"
  } ],
  "message" : "User not authorized to perform this action.",
  "status" : "PERMISSION_DENIED"
}
ERROR main net.airvantage.MessagesProcessor - com.google.api.client.googleapis.json.GoogleJsonResponseException: 401 Unauthorized
ERROR main net.airvantage.MessagesProcessor - com.google.api.client.googleapis.json.GoogleJsonResponseException: 401 Unauthorized
ERROR main net.airvantage.MessagesProcessor - com.google.api.client.googleapis.json.GoogleJsonResponseException: 401 Unauthorized
ERROR main net.airvantage.MessagesProcessor - com.google.api.client.googleapis.json.GoogleJsonResponseException: 401 Unauthorized
ERROR main net.airvantage.MessagesProcessor - com.google.api.client.googleapis.json.GoogleJsonResponseException: 403 Forbidden
{
  "code" : 403,
  "errors" : [ {
    "domain" : "global",
    "message" : "User not authorized to perform this action.",
    "reason" : "forbidden"
  } ],
  "message" : "User not authorized to perform this action.",
  "status" : "PERMISSION_DENIED"
}
ERROR main net.airvantage.MessagesProcessor - com.google.api.client.googleapis.json.GoogleJsonResponseException: 403 Forbidden
{
  "code" : 403,
  "errors" : [ {
    "domain" : "global",
    "message" : "User not authorized to perform this action.",
    "reason" : "forbidden"
  } ],
  "message" : "User not authorized to perform this action.",
  "status" : "PERMISSION_DENIED"
}
ERROR main net.airvantage.MessagesProcessor - com.google.api.client.googleapis.json.GoogleJsonResponseException: 403 Forbidden
{
  "code" : 403,
  "errors" : [ {
    "domain" : "global",
    "message" : "User not authorized to perform this action.",
    "reason" : "forbidden"
  } ],
  "message" : "User not authorized to perform this action.",
  "status" : "PERMISSION_DENIED"
}
ERROR main net.airvantage.MessagesProcessor - com.google.api.client.googleapis.json.GoogleJsonResponseException: 403 Forbidden
{
  "code" : 403,
  "errors" : [ {
    "domain" : "global",
    "message" : "User not authorized to perform this action.",
    "reason" : "forbidden"
  } ],
  "message" : "User not authorized to perform this action.",
  "status" : "PERMISSION_DENIED"
}
ERROR main net.airvantage.MessagesProcessor - com.google.api.client.googleapis.json.GoogleJsonResponseException: 403 Forbidden
{
  "code" : 403,
  "errors" : [ {
    "domain" : "global",
    "message" : "User not authorized to perform this action.",
    "reason" : "forbidden"
  } ],
  "message" : "User not authorized to perform this action.",
  "status" : "PERMISSION_DENIED"
}
ERROR main net.airvantage.MessagesProcessor - com.google.api.client.googleapis.json.GoogleJsonResponseException: 403 Forbidden
{
  "code" : 403,
  "errors" : [ {
    "domain" : "global",
    "message" : "User not authorized to perform this action.",
    "reason" : "forbidden"
  } ],
  "message" : "User not authorized to perform this action.",
  "status" : "PERMISSION_DENIED"
}
ERROR main net.airvantage.MessagesProcessor - com.google.api.client.googleapis.json.GoogleJsonResponseException: 403 Forbidden
{
  "code" : 403,
  "errors" : [ {
    "domain" : "global",
    "message" : "User not authorized to perform this action.",
    "reason" : "forbidden"
  } ],
  "message" : "User not authorized to perform this action.",
  "status" : "PERMISSION_DENIED"
}
ERROR main net.airvantage.MessagesProcessor - com.google.api.client.googleapis.json.GoogleJsonResponseException: 403 Forbidden
{
  "code" : 403,
  "errors" : [ {
    "domain" : "global",
    "message" : "User not authorized to perform this action.",
    "reason" : "forbidden"
  } ],
  "message" : "User not authorized to perform this action.",
  "status" : "PERMISSION_DENIED"
}
ERROR main net.airvantage.MessagesProcessor - com.google.api.client.googleapis.json.GoogleJsonResponseException: 403 Forbidden
{
  "code" : 403,
  "errors" : [ {
    "domain" : "global",
    "message" : "User not authorized to perform this action.",
    "reason" : "forbidden"
  } ],
  "message" : "User not authorized to perform this action.",
  "status" : "PERMISSION_DENIED"
}
ERROR main net.airvantage.MessagesProcessor - com.google.api.client.googleapis.json.GoogleJsonResponseException: 403 Forbidden
{
  "code" : 403,
  "errors" : [ {
    "domain" : "global",
    "message" : "User not authorized to perform this action.",
    "reason" : "forbidden"
  } ],
  "message" : "User not authorized to perform this action.",
  "status" : "PERMISSION_DENIED"
}
ERROR main net.airvantage.MessagesProcessor - com.google.api.client.googleapis.json.GoogleJsonResponseException: 403 Forbidden
{
  "code" : 403,
  "errors" : [ {
    "domain" : "global",
    "message" : "User not authorized to perform this action.",
    "reason" : "forbidden"
  } ],
  "message" : "User not authorized to perform this action.",
  "status" : "PERMISSION_DENIED"
}
ERROR main net.airvantage.MessagesProcessor - com.google.api.client.googleapis.json.GoogleJsonResponseException: 403 Forbidden
{
  "code" : 403,
  "errors" : [ {
    "domain" : "global",
    "message" : "User not authorized to perform this action.",
    "reason" : "forbidden"
  } ],
  "message" : "User not authorized to perform this action.",
  "status" : "PERMISSION_DENIED"
}
ERROR main net.airvantage.MessagesProcessor - com.google.api.client.googleapis.json.GoogleJsonResponseException: 403 Forbidden
{
  "code" : 403,
  "errors" : [ {
    "domain" : "global",
    "message" : "User not authorized to perform this action.",
    "reason" : "forbidden"
  } ],
  "message" : "User not authorized to perform this action.",
  "status" : "PERMISSION_DENIED"
}
ERROR main net.airvantage.MessagesProcessor - com.google.api.client.googleapis.json.GoogleJsonResponseException: 403 Forbidden
{
  "code" : 403,
  "errors" : [ {
    "domain" : "global",
    "message" : "User not authorized to perform this action.",
    "reason" : "forbidden"
  } ],
  "message" : "User not authorized to perform this action.",
  "status" : "PERMISSION_DENIED"
}
ERROR main net.airvantage.MessagesProcessor - com.google.api.client.googleapis.json.GoogleJsonResponseException: 403 Forbidden
{
  "code" : 403,
  "errors" : [ {
    "domain" : "global",
    "message" : "User not authorized to perform this action.",
    "reason" : "forbidden"
  } ],
  "message" : "User not authorized to perform this action.",
  "status" : "PERMISSION_DENIED"
}
ERROR main net.airvantage.MessagesProcessor - com.google.api.client.googleapis.json.GoogleJsonResponseException: 403 Forbidden
{
  "code" : 403,
  "errors" : [ {
    "domain" : "global",
    "message" : "User not authorized to perform this action.",
    "reason" : "forbidden"
  } ],
  "message" : "User not authorized to perform this action.",
  "status" : "PERMISSION_DENIED"
}
ERROR main net.airvantage.MessagesProcessor - com.google.api.client.googleapis.json.GoogleJsonResponseException: 403 Forbidden
{
  "code" : 403,
  "errors" : [ {
    "domain" : "global",
    "message" : "User not authorized to perform this action.",
    "reason" : "forbidden"
  } ],
  "message" : "User not authorized to perform this action.",
  "status" : "PERMISSION_DENIED"
}
ERROR main net.airvantage.MessagesProcessor - com.google.api.client.googleapis.json.GoogleJsonResponseException: 403 Forbidden
{
  "code" : 403,
  "errors" : [ {
    "domain" : "global",
    "message" : "User not authorized to perform this action.",
    "reason" : "forbidden"
  } ],
  "message" : "User not authorized to perform this action.",
  "status" : "PERMISSION_DENIED"
}
ERROR main net.airvantage.MessagesProcessor - com.google.api.client.googleapis.json.GoogleJsonResponseException: 403 Forbidden
{
  "code" : 403,
  "errors" : [ {
    "domain" : "global",
    "message" : "User not authorized to perform this action.",
    "reason" : "forbidden"
  } ],
  "message" : "User not authorized to perform this action.",
  "status" : "PERMISSION_DENIED"
}
ERROR main net.airvantage.MessagesProcessor - com.google.api.client.googleapis.json.GoogleJsonResponseException: 403 Forbidden
{
  "code" : 403,
  "errors" : [ {
    "domain" : "global",
    "message" : "User not authorized to perform this action.",
    "reason" : "forbidden"
  } ],
  "message" : "User not authorized to perform this action.",
  "status" : "PERMISSION_DENIED"
}
ERROR main net.airvantage.MessagesProcessor - com.google.api.client.googleapis.json.GoogleJsonResponseException: 403 Forbidden
{
  "code" : 403,
  "errors" : [ {
    "domain" : "global",
    "message" : "User not authorized to perform this action.",
    "reason" : "forbidden"
  } ],
  "message" : "User not authorized to perform this action.",
  "status" : "PERMISSION_DENIED"
}
ERROR main net.airvantage.MessagesProcessor - com.google.api.client.googleapis.json.GoogleJsonResponseException: 403 Forbidden
{
  "code" : 403,
  "errors" : [ {
    "domain" : "global",
    "message" : "User not authorized to perform this action.",
    "reason" : "forbidden"
  } ],
  "message" : "User not authorized to perform this action.",
  "status" : "PERMISSION_DENIED"
}
ERROR main net.airvantage.MessagesProcessor - com.google.api.client.googleapis.json.GoogleJsonResponseException: 403 Forbidden
{
  "code" : 403,
  "errors" : [ {
    "domain" : "global",
    "message" : "User not authorized to perform this action.",
    "reason" : "forbidden"
  } ],
  "message" : "User not authorized to perform this action.",
  "status" : "PERMISSION_DENIED"
}
ERROR main net.airvantage.MessagesProcessor - com.google.api.client.googleapis.json.GoogleJsonResponseException: 403 Forbidden
{
  "code" : 403,
  "errors" : [ {
    "domain" : "global",
    "message" : "User not authorized to perform this action.",
    "reason" : "forbidden"
  } ],
  "message" : "User not authorized to perform this action.",
  "status" : "PERMISSION_DENIED"
}
ERROR main net.airvantage.MessagesProcessor - com.google.api.client.googleapis.json.GoogleJsonResponseException: 403 Forbidden
{
  "code" : 403,
  "errors" : [ {
    "domain" : "global",
    "message" : "User not authorized to perform this action.",
    "reason" : "forbidden"
  } ],
  "message" : "User not authorized to perform this action.",
  "status" : "PERMISSION_DENIED"
}
ERROR main net.airvantage.MessagesProcessor - com.google.api.client.googleapis.json.GoogleJsonResponseException: 403 Forbidden
{
  "code" : 403,
  "errors" : [ {
    "domain" : "global",
    "message" : "User not authorized to perform this action.",
    "reason" : "forbidden"
  } ],
  "message" : "User not authorized to perform this action.",
  "status" : "PERMISSION_DENIED"
}
ERROR main net.airvantage.MessagesProcessor - com.google.api.client.googleapis.json.GoogleJsonResponseException: 403 Forbidden
{
  "code" : 403,
  "errors" : [ {
    "domain" : "global",
    "message" : "User not authorized to perform this action.",
    "reason" : "forbidden"
  } ],
  "message" : "User not authorized to perform this action.",
  "status" : "PERMISSION_DENIED"
}
ERROR main net.airvantage.MessagesProcessor - com.google.api.client.googleapis.json.GoogleJsonResponseException: 403 Forbidden
{
  "code" : 403,
  "errors" : [ {
    "domain" : "global",
    "message" : "User not authorized to perform this action.",
    "reason" : "forbidden"
  } ],
  "message" : "User not authorized to perform this action.",
  "status" : "PERMISSION_DENIED"
}
ERROR main net.airvantage.MessagesProcessor - com.google.api.client.googleapis.json.GoogleJsonResponseException: 403 Forbidden
{
  "code" : 403,
  "errors" : [ {
    "domain" : "global",
    "message" : "User not authorized to perform this action.",
    "reason" : "forbidden"
  } ],
  "message" : "User not authorized to perform this action.",
  "status" : "PERMISSION_DENIED"
}
ERROR main net.airvantage.MessagesProcessor - com.google.api.client.googleapis.json.GoogleJsonResponseException: 403 Forbidden
{
  "code" : 403,
  "errors" : [ {
    "domain" : "global",
    "message" : "User not authorized to perform this action.",
    "reason" : "forbidden"
  } ],
  "message" : "User not authorized to perform this action.",
  "status" : "PERMISSION_DENIED"
}
ERROR main net.airvantage.MessagesProcessor - com.google.api.client.googleapis.json.GoogleJsonResponseException: 403 Forbidden
{
  "code" : 403,
  "errors" : [ {
    "domain" : "global",
    "message" : "User not authorized to perform this action.",
    "reason" : "forbidden"
  } ],
  "message" : "User not authorized to perform this action.",
  "status" : "PERMISSION_DENIED"
}
ERROR main net.airvantage.MessagesProcessor - com.google.api.client.googleapis.json.GoogleJsonResponseException: 403 Forbidden
{
  "code" : 403,
  "errors" : [ {
    "domain" : "global",
    "message" : "User not authorized to perform this action.",
    "reason" : "forbidden"
  } ],
  "message" : "User not authorized to perform this action.",
  "status" : "PERMISSION_DENIED"
}
ERROR main net.airvantage.MessagesProcessor - com.google.api.client.googleapis.json.GoogleJsonResponseException: 403 Forbidden
{
  "code" : 403,
  "errors" : [ {
    "domain" : "global",
    "message" : "User not authorized to perform this action.",
    "reason" : "forbidden"
  } ],
  "message" : "User not authorized to perform this action.",
  "status" : "PERMISSION_DENIED"
}
ERROR main net.airvantage.MessagesProcessor - com.google.api.client.googleapis.json.GoogleJsonResponseException: 403 Forbidden
{
  "code" : 403,
  "errors" : [ {
    "domain" : "global",
    "message" : "User not authorized to perform this action.",
    "reason" : "forbidden"
  } ],
  "message" : "User not authorized to perform this action.",
  "status" : "PERMISSION_DENIED"
}
ERROR main net.airvantage.MessagesProcessor - com.google.api.client.googleapis.json.GoogleJsonResponseException: 403 Forbidden
{
  "code" : 403,
  "errors" : [ {
    "domain" : "global",
    "message" : "User not authorized to perform this action.",
    "reason" : "forbidden"
  } ],
  "message" : "User not authorized to perform this action.",
  "status" : "PERMISSION_DENIED"
}
ERROR main net.airvantage.MessagesProcessor - com.google.api.client.googleapis.json.GoogleJsonResponseException: 403 Forbidden
{
  "code" : 403,
  "errors" : [ {
    "domain" : "global",
    "message" : "User not authorized to perform this action.",
    "reason" : "forbidden"
  } ],
  "message" : "User not authorized to perform this action.",
  "status" : "PERMISSION_DENIED"
}
ERROR main net.airvantage.MessagesProcessor - com.google.api.client.googleapis.json.GoogleJsonResponseException: 403 Forbidden
{
  "code" : 403,
  "errors" : [ {
    "domain" : "global",
    "message" : "User not authorized to perform this action.",
    "reason" : "forbidden"
  } ],
  "message" : "User not authorized to perform this action.",
  "status" : "PERMISSION_DENIED"
}
ERROR main net.airvantage.MessagesProcessor - com.google.api.client.googleapis.json.GoogleJsonResponseException: 403 Forbidden
{
  "code" : 403,
  "errors" : [ {
    "domain" : "global",
    "message" : "User not authorized to perform this action.",
    "reason" : "forbidden"
  } ],
  "message" : "User not authorized to perform this action.",
  "status" : "PERMISSION_DENIED"
}
ERROR main net.airvantage.MessagesProcessor - com.google.api.client.googleapis.json.GoogleJsonResponseException: 403 Forbidden
{
  "code" : 403,
  "errors" : [ {
    "domain" : "global",
    "message" : "User not authorized to perform this action.",
    "reason" : "forbidden"
  } ],
  "message" : "User not authorized to perform this action.",
  "status" : "PERMISSION_DENIED"
}
ERROR main net.airvantage.MessagesProcessor - com.google.api.client.googleapis.json.GoogleJsonResponseException: 403 Forbidden
{
  "code" : 403,
  "errors" : [ {
    "domain" : "global",
    "message" : "User not authorized to perform this action.",
    "reason" : "forbidden"
  } ],
  "message" : "User not authorized to perform this action.",
  "status" : "PERMISSION_DENIED"
}
ERROR main net.airvantage.MessagesProcessor - com.google.api.client.googleapis.json.GoogleJsonResponseException: 403 Forbidden
{
  "code" : 403,
  "errors" : [ {
    "domain" : "global",
    "message" : "User not authorized to perform this action.",
    "reason" : "forbidden"
  } ],
  "message" : "User not authorized to perform this action.",
  "status" : "PERMISSION_DENIED"
}
ERROR main net.airvantage.MessagesProcessor - com.google.api.client.googleapis.json.GoogleJsonResponseException: 403 Forbidden
{
  "code" : 403,
  "errors" : [ {
    "domain" : "global",
    "message" : "User not authorized to perform this action.",
    "reason" : "forbidden"
  } ],
  "message" : "User not authorized to perform this action.",
  "status" : "PERMISSION_DENIED"
}
ERROR main net.airvantage.MessagesProcessor - com.google.api.client.googleapis.json.GoogleJsonResponseException: 403 Forbidden
{
  "code" : 403,
  "errors" : [ {
    "domain" : "global",
    "message" : "User not authorized to perform this action.",
    "reason" : "forbidden"
  } ],
  "message" : "User not authorized to perform this action.",
  "status" : "PERMISSION_DENIED"
}
ERROR main net.airvantage.MessagesProcessor - com.google.api.client.googleapis.json.GoogleJsonResponseException: 403 Forbidden
{
  "code" : 403,
  "errors" : [ {
    "domain" : "global",
    "message" : "User not authorized to perform this action.",
    "reason" : "forbidden"
  } ],
  "message" : "User not authorized to perform this action.",
  "status" : "PERMISSION_DENIED"
}
ERROR main net.airvantage.MessagesProcessor - com.google.api.client.googleapis.json.GoogleJsonResponseException: 403 Forbidden
{
  "code" : 403,
  "errors" : [ {
    "domain" : "global",
    "message" : "User not authorized to perform this action.",
    "reason" : "forbidden"
  } ],
  "message" : "User not authorized to perform this action.",
  "status" : "PERMISSION_DENIED"
}
ERROR main net.airvantage.MessagesProcessor - com.google.api.client.googleapis.json.GoogleJsonResponseException: 403 Forbidden
{
  "code" : 403,
  "errors" : [ {
    "domain" : "global",
    "message" : "User not authorized to perform this action.",
    "reason" : "forbidden"
  } ],
  "message" : "User not authorized to perform this action.",
  "status" : "PERMISSION_DENIED"
}
ERROR main net.airvantage.MessagesProcessor - com.google.api.client.googleapis.json.GoogleJsonResponseException: 403 Forbidden
{
  "code" : 403,
  "errors" : [ {
    "domain" : "global",
    "message" : "User not authorized to perform this action.",
    "reason" : "forbidden"
  } ],
  "message" : "User not authorized to perform this action.",
  "status" : "PERMISSION_DENIED"
}
ERROR main net.airvantage.MessagesProcessor - com.google.api.client.googleapis.json.GoogleJsonResponseException: 403 Forbidden
{
  "code" : 403,
  "errors" : [ {
    "domain" : "global",
    "message" : "User not authorized to perform this action.",
    "reason" : "forbidden"
  } ],
  "message" : "User not authorized to perform this action.",
  "status" : "PERMISSION_DENIED"
}
ERROR main net.airvantage.MessagesProcessor - com.google.api.client.googleapis.json.GoogleJsonResponseException: 403 Forbidden
{
  "code" : 403,
  "errors" : [ {
    "domain" : "global",
    "message" : "User not authorized to perform this action.",
    "reason" : "forbidden"
  } ],
  "message" : "User not authorized to perform this action.",
  "status" : "PERMISSION_DENIED"
}
ERROR main net.airvantage.MessagesProcessor - com.google.api.client.googleapis.json.GoogleJsonResponseException: 403 Forbidden
{
  "code" : 403,
  "errors" : [ {
    "domain" : "global",
    "message" : "User not authorized to perform this action.",
    "reason" : "forbidden"
  } ],
  "message" : "User not authorized to perform this action.",
  "status" : "PERMISSION_DENIED"
}
ERROR main net.airvantage.MessagesProcessor - com.google.api.client.googleapis.json.GoogleJsonResponseException: 403 Forbidden
{
  "code" : 403,
  "errors" : [ {
    "domain" : "global",
    "message" : "User not authorized to perform this action.",
    "reason" : "forbidden"
  } ],
  "message" : "User not authorized to perform this action.",
  "status" : "PERMISSION_DENIED"
}
ERROR main net.airvantage.MessagesProcessor - com.google.api.client.googleapis.json.GoogleJsonResponseException: 403 Forbidden
{
  "code" : 403,
  "errors" : [ {
    "domain" : "global",
    "message" : "User not authorized to perform this action.",
    "reason" : "forbidden"
  } ],
  "message" : "User not authorized to perform this action.",
  "status" : "PERMISSION_DENIED"
}
ERROR main net.airvantage.MessagesProcessor - com.google.api.client.googleapis.json.GoogleJsonResponseException: 403 Forbidden
{
  "code" : 403,
  "errors" : [ {
    "domain" : "global",
    "message" : "User not authorized to perform this action.",
    "reason" : "forbidden"
  } ],
  "message" : "User not authorized to perform this action.",
  "status" : "PERMISSION_DENIED"
}
ERROR main net.airvantage.MessagesProcessor - com.google.api.client.googleapis.json.GoogleJsonResponseException: 403 Forbidden
{
  "code" : 403,
  "errors" : [ {
    "domain" : "global",
    "message" : "User not authorized to perform this action.",
    "reason" : "forbidden"
  } ],
  "message" : "User not authorized to perform this action.",
  "status" : "PERMISSION_DENIED"
}
ERROR main net.airvantage.MessagesProcessor - com.google.api.client.googleapis.json.GoogleJsonResponseException: 403 Forbidden
{
  "code" : 403,
  "errors" : [ {
    "domain" : "global",
    "message" : "User not authorized to perform this action.",
    "reason" : "forbidden"
  } ],
  "message" : "User not authorized to perform this action.",
  "status" : "PERMISSION_DENIED"
}
ERROR main net.airvantage.GooglePubSubConfiguration - java.io.FileNotFoundException: config.properties (Aucun fichier ou dossier de ce type)
ERROR main net.airvantage.GooglePubSubConfiguration - Could not find config.properties in the developement directory
java.io.FileNotFoundException: src/main/resources/config.properties (Aucun fichier ou dossier de ce type)
	at java.io.FileInputStream.open0(Native Method)
	at java.io.FileInputStream.open(FileInputStream.java:195)
	at java.io.FileInputStream.<init>(FileInputStream.java:138)
	at java.io.FileInputStream.<init>(FileInputStream.java:93)
	at net.airvantage.PropertyLoader.load(PropertyLoader.java:20)
	at net.airvantage.GooglePubSubConfiguration.loadProperties(GooglePubSubConfiguration.java:57)
	at net.airvantage.GooglePubSubConfiguration.<init>(GooglePubSubConfiguration.java:35)
	at net.airvantage.GooglePubSubConnector.launch(GooglePubSubConnector.java:22)
	at net.airvantage.SubApp.main(SubApp.java:23)
ERROR main net.airvantage.Worker - com.google.api.client.googleapis.json.GoogleJsonResponseException: 403 Forbidden
{
  "code" : 403,
  "errors" : [ {
    "domain" : "global",
    "message" : "User not authorized to perform this action.",
    "reason" : "forbidden"
  } ],
  "message" : "User not authorized to perform this action.",
  "status" : "PERMISSION_DENIED"
}
ERROR main net.airvantage.MessagesProcessor - com.google.api.client.googleapis.json.GoogleJsonResponseException: 403 Forbidden
{
  "code" : 403,
  "errors" : [ {
    "domain" : "global",
    "message" : "User not authorized to perform this action.",
    "reason" : "forbidden"
  } ],
  "message" : "User not authorized to perform this action.",
  "status" : "PERMISSION_DENIED"
}
ERROR main net.airvantage.Worker - com.google.api.client.googleapis.json.GoogleJsonResponseException: 403 Forbidden
{
  "code" : 403,
  "errors" : [ {
    "domain" : "global",
    "message" : "User not authorized to perform this action.",
    "reason" : "forbidden"
  } ],
  "message" : "User not authorized to perform this action.",
  "status" : "PERMISSION_DENIED"
}
ERROR main net.airvantage.MessagesProcessor - com.google.api.client.googleapis.json.GoogleJsonResponseException: 403 Forbidden
{
  "code" : 403,
  "errors" : [ {
    "domain" : "global",
    "message" : "User not authorized to perform this action.",
    "reason" : "forbidden"
  } ],
  "message" : "User not authorized to perform this action.",
  "status" : "PERMISSION_DENIED"
}
ERROR main net.airvantage.Worker - com.google.api.client.googleapis.json.GoogleJsonResponseException: 403 Forbidden
{
  "code" : 403,
  "errors" : [ {
    "domain" : "global",
    "message" : "User not authorized to perform this action.",
    "reason" : "forbidden"
  } ],
  "message" : "User not authorized to perform this action.",
  "status" : "PERMISSION_DENIED"
}
ERROR main net.airvantage.MessagesProcessor - com.google.api.client.googleapis.json.GoogleJsonResponseException: 403 Forbidden
{
  "code" : 403,
  "errors" : [ {
    "domain" : "global",
    "message" : "User not authorized to perform this action.",
    "reason" : "forbidden"
  } ],
  "message" : "User not authorized to perform this action.",
  "status" : "PERMISSION_DENIED"
}
ERROR main net.airvantage.GooglePubSubConfiguration - Could not find config.properties in the developement directory
java.io.FileNotFoundException: src/main/resources/config.properties (Aucun fichier ou dossier de ce type)
	at java.io.FileInputStream.open0(Native Method)
	at java.io.FileInputStream.open(FileInputStream.java:195)
	at java.io.FileInputStream.<init>(FileInputStream.java:138)
	at java.io.FileInputStream.<init>(FileInputStream.java:93)
	at net.airvantage.PropertyLoader.load(PropertyLoader.java:20)
	at net.airvantage.GooglePubSubConfiguration.loadProperties(GooglePubSubConfiguration.java:57)
	at net.airvantage.GooglePubSubConfiguration.<init>(GooglePubSubConfiguration.java:35)
	at net.airvantage.GooglePubSubConnector.launch(GooglePubSubConnector.java:22)
	at net.airvantage.SubApp.main(SubApp.java:23)
ERROR main net.airvantage.Worker - com.google.api.client.googleapis.json.GoogleJsonResponseException: 403 Forbidden
{
  "code" : 403,
  "errors" : [ {
    "domain" : "global",
    "message" : "User not authorized to perform this action.",
    "reason" : "forbidden"
  } ],
  "message" : "User not authorized to perform this action.",
  "status" : "PERMISSION_DENIED"
}
ERROR main net.airvantage.MessagesProcessor - com.google.api.client.googleapis.json.GoogleJsonResponseException: 403 Forbidden
{
  "code" : 403,
  "errors" : [ {
    "domain" : "global",
    "message" : "User not authorized to perform this action.",
    "reason" : "forbidden"
  } ],
  "message" : "User not authorized to perform this action.",
  "status" : "PERMISSION_DENIED"
}
ERROR main net.airvantage.Worker - com.google.api.client.googleapis.json.GoogleJsonResponseException: 403 Forbidden
{
  "code" : 403,
  "errors" : [ {
    "domain" : "global",
    "message" : "User not authorized to perform this action.",
    "reason" : "forbidden"
  } ],
  "message" : "User not authorized to perform this action.",
  "status" : "PERMISSION_DENIED"
}
ERROR main net.airvantage.MessagesProcessor - com.google.api.client.googleapis.json.GoogleJsonResponseException: 403 Forbidden
{
  "code" : 403,
  "errors" : [ {
    "domain" : "global",
    "message" : "User not authorized to perform this action.",
    "reason" : "forbidden"
  } ],
  "message" : "User not authorized to perform this action.",
  "status" : "PERMISSION_DENIED"
}
ERROR main net.airvantage.Worker - com.google.api.client.googleapis.json.GoogleJsonResponseException: 403 Forbidden
{
  "code" : 403,
  "errors" : [ {
    "domain" : "global",
    "message" : "User not authorized to perform this action.",
    "reason" : "forbidden"
  } ],
  "message" : "User not authorized to perform this action.",
  "status" : "PERMISSION_DENIED"
}
ERROR main net.airvantage.GooglePubSubConfiguration - java.io.FileNotFoundException: config.properties (Aucun fichier ou dossier de ce type)
INFO main net.airvantage.GooglePubSubConfiguration - Configuration file for PubSubConfiguration has been successfully loaded.
DEBUG main net.airvantage.DataHandler - received message: {"name":"event.system.incoming.communication","date":1471939049046,"content":{"system.id":"34e77dd506974c008ff95db707617828","communication.id":"987654321","message.id":"11f44228e5bb4ecd9e63be46d2f963ff"}}
DEBUG main net.airvantage.DataHandler - received message: {"name":"event.system.incoming.communication","date":1471939170834,"content":{"system.id":"34e77dd506974c008ff95db707617828","communication.id":"987654321","message.id":"5896aef9b41448eb85a255daaede3ded"}}
DEBUG main net.airvantage.DataHandler - received message: {"name":"event.system.incoming.communication","date":1471938685229,"content":{"system.id":"34e77dd506974c008ff95db707617828","communication.id":"987654321","message.id":"e97c8f90276742e38ceb5ccaf0f2dda2"}}
DEBUG main net.airvantage.DataHandler - received message: {"name":"event.system.incoming.communication","date":1471938806371,"content":{"system.id":"34e77dd506974c008ff95db707617828","communication.id":"987654321","message.id":"b015230a1fb848d3ba739132eb01d945"}}
DEBUG main net.airvantage.DataHandler - received message: {"name":"event.system.incoming.communication","date":1471938927705,"content":{"system.id":"34e77dd506974c008ff95db707617828","communication.id":"987654321","message.id":"77a9d0be4c074bfa85fd23a8acc34268"}}
ERROR main net.airvantage.GooglePubSubConfiguration - java.io.FileNotFoundException: config.properties (Aucun fichier ou dossier de ce type)
INFO main net.airvantage.GooglePubSubConfiguration - Configuration file for PubSubConfiguration has been successfully loaded.
